IMEI-1000000: [3G*IMEI-1000000*HEALTH*60,94,131]
IMEI-1000000: [3G*IMEI-1000000*HEALTH*70,88,134]
IMEI-1000000: [3G*IMEI-1000000*HEALTH*74,75,124]
IMEI-1000000: [3G*IMEI-1000000*HEALTH*67,81,155]
IMEI-1000001: [3G*IMEI-1000001*HEALTH*75,71,129]
IMEI-1000000: [3G*IMEI-1000000*HEALTH*86,86,120]
IMEI-1000000: [3G*IMEI-1000000*HEALTH*63,99,125]
IMEI-1000000: [3G*IMEI-1000000*HEALTH*80,83,122]
IMEI-1000001: [3G*IMEI-1000001*HEALTH*75,89,131]
IMEI-1000000: [3G*IMEI-1000000*HEALTH*94,71,123]
IMEI-1000001: [3G*IMEI-1000001*HEALTH*62,95,146]
IMEI-1000000: [3G*IMEI-1000000*HEALTH*62,89,155]
IMEI-1000002: [3G*IMEI-1000002*HEALTH*98,92,144]
IMEI-1000001: [3G*IMEI-1000001*HEALTH*79,81,132]
IMEI-1000000: [3G*IMEI-1000000*HEALTH*97,72,147]
IMEI-1000001: [3G*IMEI-1000001*HEALTH*74,90,158]
IMEI-1000000: [3G*IMEI-1000000*HEALTH*75,97,131]
IMEI-1000000: [3G*IMEI-1000000*HEALTH*86,99,131]
IMEI-1000001: [3G*IMEI-1000001*HEALTH*71,92,138]
IMEI-1000001: [3G*IMEI-1000001*HEALTH*76,92,152]
IMEI-1000001: [3G*IMEI-1000001*HEALTH*61,87,143]
IMEI-1000001: [3G*IMEI-1000001*HEALTH*89,77,159]
IMEI-1000001: [3G*IMEI-1000001*HEALTH*86,99,158]
IMEI-1000001: [3G*IMEI-1000001*HEALTH*78,74,122]
IMEI-1000001: [3G*IMEI-1000001*HEALTH*73,72,129]
IMEI-1000001: [3G*IMEI-1000001*HEALTH*85,86,152]
IMEI-1000001: [3G*IMEI-1000001*HEALTH*98,91,152]
IMEI-1000001: [3G*IMEI-1000001*HEALTH*80,95,133]
IMEI-1000001: [3G*IMEI-1000001*HEALTH*67,97,136]
IMEI-1000001: [3G*IMEI-1000001*HEALTH*64,99,148]
IMEI-1000001: [3G*IMEI-1000001*HEALTH*87,81,139]
IMEI-1000001: [3G*IMEI-1000001*HEALTH*84,97,125]
IMEI-1000001: [3G*IMEI-1000001*HEALTH*93,80,136]
IMEI-1000001: [3G*IMEI-1000001*HEALTH*98,90,146]
IMEI-1000001: [3G*IMEI-1000001*HEALTH*67,85,125]
IMEI-1000001: [3G*IMEI-1000001*HEALTH*89,76,156]
IMEI-1000001: [3G*IMEI-1000001*HEALTH*70,70,132]
IMEI-1000001: [3G*IMEI-1000001*HEALTH*77,95,151]
IMEI-1000001: [3G*IMEI-1000001*HEALTH*72,72,149]
IMEI-1000001: [3G*IMEI-1000001*HEALTH*88,74,157]
IMEI-1000001: [3G*IMEI-1000001*HEALTH*98,70,127]
IMEI-1000001: [3G*IMEI-1000001*HEALTH*84,99,127]
IMEI-1000001: [3G*IMEI-1000001*HEALTH*60,99,155]
IMEI-1000001: [3G*IMEI-1000001*HEALTH*83,85,152]
IMEI-1000001: [3G*IMEI-1000001*HEALTH*95,75,145]
IMEI-1000001: [3G*IMEI-1000001*HEALTH*93,74,136]
IMEI-1000001: [3G*IMEI-1000001*HEALTH*81,74,147]
IMEI-1000001: [3G*IMEI-1000001*HEALTH*71,97,146]
IMEI-1000000: [3G*IMEI-1000000*HEALTH*70,80,137]
IMEI-1000000: [3G*IMEI-1000000*HEALTH*71,76,140]
IMEI-1000000: [3G*IMEI-1000000*HEALTH*73,86,140]
