IMEI-1000000: [3G*IMEI-1000000*UD,-51.951233,-24.938980]
IMEI-1000000: [3G*IMEI-1000000*UD,-4.697113,-121.635544]
IMEI-1000000: [3G*IMEI-1000000*UD,6.662918,-114.730415]
IMEI-1000001: [3G*IMEI-1000001*UD,16.957169,15.468582]
IMEI-1000000: [3G*IMEI-1000000*UD,5.757339,10.763947]
IMEI-1000000: [3G*IMEI-1000000*UD,-30.639957,-124.088470]
IMEI-1000000: [3G*IMEI-1000000*UD,86.473114,-98.072159]
IMEI-1000001: [3G*IMEI-1000001*UD,-5.113602,-135.296692]
IMEI-1000000: [3G*IMEI-1000000*UD,-54.813461,-106.183121]
IMEI-1000001: [3G*IMEI-1000001*UD,-83.443413,-48.657959]
IMEI-1000002: [3G*IMEI-1000002*UD,48.480042,129.855316]
IMEI-1000000: [3G*IMEI-1000000*UD,-78.741943,-151.967178]
IMEI-1000001: [3G*IMEI-1000001*UD,-48.781002,66.324585]
IMEI-1000000: [3G*IMEI-1000000*UD,79.564346,60.121643]
IMEI-1000000: [3G*IMEI-1000000*UD,-79.686562,-124.890717]
IMEI-1000001: [3G*IMEI-1000001*UD,-29.701645,-77.171638]
IMEI-1000001: [3G*IMEI-1000001*UD,-62.400414,97.286377]
IMEI-1000001: [3G*IMEI-1000001*UD,56.098160,164.575958]
IMEI-1000001: [3G*IMEI-1000001*UD,51.015457,130.563354]
IMEI-1000001: [3G*IMEI-1000001*UD,-48.230022,167.335724]
IMEI-1000001: [3G*IMEI-1000001*UD,20.027740,-144.087189]
IMEI-1000001: [3G*IMEI-1000001*UD,-16.063675,42.187729]
IMEI-1000001: [3G*IMEI-1000001*UD,48.234375,-3.989075]
IMEI-1000001: [3G*IMEI-1000001*UD,37.519493,121.348724]
IMEI-1000001: [3G*IMEI-1000001*UD,-18.662003,-111.459671]
IMEI-1000001: [3G*IMEI-1000001*UD,87.119675,-151.128403]
IMEI-1000001: [3G*IMEI-1000001*UD,29.180031,-50.380554]
IMEI-1000001: [3G*IMEI-1000001*UD,-6.838020,-3.608322]
IMEI-1000001: [3G*IMEI-1000001*UD,-41.689575,-43.938034]
IMEI-1000001: [3G*IMEI-1000001*UD,-43.326397,-79.484192]
IMEI-1000001: [3G*IMEI-1000001*UD,-20.700905,-53.061111]
IMEI-1000001: [3G*IMEI-1000001*UD,85.736740,-112.518150]
IMEI-1000001: [3G*IMEI-1000001*UD,62.741959,173.318909]
IMEI-1000001: [3G*IMEI-1000001*UD,-66.579315,61.901764]
IMEI-1000001: [3G*IMEI-1000001*UD,-31.631947,-109.628616]
IMEI-1000000: [3G*IMEI-1000000*UD,-47.908318,-36.002045]
IMEI-1000000: [3G*IMEI-1000000*UD,-30.736656,154.192444]
IMEI-1000000: [3G*IMEI-1000000*UD,-30.996529,159.932343]
